INFO log_crm.py 2020-10-27 08:57:42,706 -输入用户名-
INFO log_crm.py 2020-10-27 08:57:42,745 info  message
INFO log_crm.py 2020-10-27 08:57:42,849 -登输入密码-
INFO log_crm.py 2020-10-27 08:57:42,850 info  message
INFO log_crm.py 2020-10-27 08:57:43,122 -点击登录-
INFO log_crm.py 2020-10-27 08:57:43,123 info  message
INFO log_crm.py 2020-10-27 08:57:53,828 -输入用户名-
INFO log_crm.py 2020-10-27 08:57:53,828 info  message
INFO log_crm.py 2020-10-27 08:57:53,994 -登输入密码-
INFO log_crm.py 2020-10-27 08:57:53,994 info  message
INFO log_crm.py 2020-10-27 08:58:09,435 -点击登录-
INFO log_crm.py 2020-10-27 08:58:09,437 info  message
INFO log_crm.py 2020-10-27 08:58:21,500 -输入用户名-
INFO log_crm.py 2020-10-27 08:58:21,500 info  message
INFO log_crm.py 2020-10-27 08:58:21,623 -登输入密码-
INFO log_crm.py 2020-10-27 08:58:21,623 info  message
INFO log_crm.py 2020-10-27 08:58:21,697 -点击登录-
INFO log_crm.py 2020-10-27 08:58:21,698 info  message
INFO log_crm.py 2020-10-27 08:58:33,243 -输入用户名-
INFO log_crm.py 2020-10-27 08:58:33,274 info  message
INFO log_crm.py 2020-10-27 08:58:33,417 -登输入密码-
INFO log_crm.py 2020-10-27 08:58:33,418 info  message
INFO log_crm.py 2020-10-27 08:58:34,079 -点击登录-
INFO log_crm.py 2020-10-27 08:58:34,079 info  message
INFO log_crm.py 2020-10-27 08:58:46,235 -输入用户名-
INFO log_crm.py 2020-10-27 08:58:46,235 info  message
INFO log_crm.py 2020-10-27 08:58:46,355 -登输入密码-
INFO log_crm.py 2020-10-27 08:58:46,355 info  message
INFO log_crm.py 2020-10-27 08:58:46,482 -点击登录-
INFO log_crm.py 2020-10-27 08:58:46,483 info  message
INFO log_crm.py 2020-10-27 09:11:24,761 -输入用户名-
INFO log_crm.py 2020-10-27 09:11:24,798 info  message
INFO log_crm.py 2020-10-27 09:11:24,994 -登输入密码-
INFO log_crm.py 2020-10-27 09:11:24,994 info  message
INFO log_crm.py 2020-10-27 09:11:27,887 -点击登录-
INFO log_crm.py 2020-10-27 09:11:27,927 info  message
INFO log_crm.py 2020-10-27 09:11:43,862 -输入用户名-
INFO log_crm.py 2020-10-27 09:11:43,862 info  message
INFO log_crm.py 2020-10-27 09:11:44,051 -登输入密码-
INFO log_crm.py 2020-10-27 09:11:44,051 info  message
INFO log_crm.py 2020-10-27 09:11:47,968 -点击登录-
INFO log_crm.py 2020-10-27 09:11:47,968 info  message
INFO log_crm.py 2020-10-27 09:13:12,343 -输入用户名-
INFO log_crm.py 2020-10-27 09:13:12,344 info  message
INFO log_crm.py 2020-10-27 09:13:12,527 -登输入密码-
INFO log_crm.py 2020-10-27 09:13:12,528 info  message
INFO log_crm.py 2020-10-27 09:13:13,575 -点击登录-
INFO log_crm.py 2020-10-27 09:13:13,576 info  message
INFO log_crm.py 2020-10-27 09:13:13,945 -点击客户信息-
INFO log_crm.py 2020-10-27 09:13:13,945 info  message
INFO log_crm.py 2020-10-27 09:13:15,840 -登点击添加-
INFO log_crm.py 2020-10-27 09:13:15,841 info  message
INFO log_crm.py 2020-10-27 09:13:16,461 -输入客户姓名-
INFO log_crm.py 2020-10-27 09:13:16,461 info  message
INFO log_crm.py 2020-10-27 09:13:16,562 -输入创建人-
INFO log_crm.py 2020-10-27 09:13:16,562 info  message
INFO log_crm.py 2020-10-27 09:13:16,747 -输入email-
INFO log_crm.py 2020-10-27 09:13:16,747 info  message
INFO log_crm.py 2020-10-27 09:13:17,099 -输入日期-
INFO log_crm.py 2020-10-27 09:13:17,115 info  message
INFO log_crm.py 2020-10-27 09:13:17,450 -点击提交-
INFO log_crm.py 2020-10-27 09:13:17,451 info  message
INFO log_crm.py 2020-10-27 09:13:29,817 -输入用户名-
INFO log_crm.py 2020-10-27 09:13:29,817 info  message
INFO log_crm.py 2020-10-27 09:13:30,007 -登输入密码-
INFO log_crm.py 2020-10-27 09:13:30,007 info  message
INFO log_crm.py 2020-10-27 09:13:32,863 -点击登录-
INFO log_crm.py 2020-10-27 09:13:32,864 info  message
INFO log_crm.py 2020-10-27 09:13:33,084 -点击客户信息-
INFO log_crm.py 2020-10-27 09:13:33,085 info  message
INFO log_crm.py 2020-10-27 09:13:37,108 -点击编辑-
INFO log_crm.py 2020-10-27 09:13:37,664 info  message
INFO log_crm.py 2020-10-27 09:13:38,180 -输入email-
INFO log_crm.py 2020-10-27 09:13:38,181 info  message
INFO log_crm.py 2020-10-27 09:13:40,525 -点击提交-
INFO log_crm.py 2020-10-27 09:13:40,525 info  message
INFO log_crm.py 2020-10-27 09:15:45,554 -输入用户名-
INFO log_crm.py 2020-10-27 09:15:45,555 info  message
INFO log_crm.py 2020-10-27 09:15:45,726 -登输入密码-
INFO log_crm.py 2020-10-27 09:15:45,727 info  message
INFO log_crm.py 2020-10-27 09:15:46,737 -点击登录-
INFO log_crm.py 2020-10-27 09:15:46,737 info  message
INFO log_crm.py 2020-10-27 09:15:46,936 -点击客户信息-
INFO log_crm.py 2020-10-27 09:15:46,936 info  message
INFO log_crm.py 2020-10-27 09:15:48,819 -登点击添加-
INFO log_crm.py 2020-10-27 09:15:48,819 info  message
INFO log_crm.py 2020-10-27 09:15:49,111 -输入客户姓名-
INFO log_crm.py 2020-10-27 09:15:49,111 info  message
INFO log_crm.py 2020-10-27 09:15:49,267 -输入创建人-
INFO log_crm.py 2020-10-27 09:15:49,268 info  message
INFO log_crm.py 2020-10-27 09:15:49,461 -输入email-
INFO log_crm.py 2020-10-27 09:15:49,461 info  message
INFO log_crm.py 2020-10-27 09:15:49,725 -输入日期-
INFO log_crm.py 2020-10-27 09:15:49,725 info  message
INFO log_crm.py 2020-10-27 09:15:50,222 -点击提交-
INFO log_crm.py 2020-10-27 09:15:50,222 info  message
INFO log_crm.py 2020-10-27 09:15:59,561 -输入用户名-
INFO log_crm.py 2020-10-27 09:15:59,562 info  message
INFO log_crm.py 2020-10-27 09:15:59,684 -登输入密码-
INFO log_crm.py 2020-10-27 09:15:59,684 info  message
INFO log_crm.py 2020-10-27 09:16:01,462 -点击登录-
INFO log_crm.py 2020-10-27 09:16:01,462 info  message
INFO log_crm.py 2020-10-27 09:16:01,703 -点击客户信息-
INFO log_crm.py 2020-10-27 09:16:01,704 info  message
INFO log_crm.py 2020-10-27 09:16:03,214 -点击编辑-
INFO log_crm.py 2020-10-27 09:16:03,214 info  message
INFO log_crm.py 2020-10-27 09:16:03,443 -输入email-
INFO log_crm.py 2020-10-27 09:16:03,444 info  message
INFO log_crm.py 2020-10-27 09:16:03,965 -点击提交-
INFO log_crm.py 2020-10-27 09:16:03,966 info  message
INFO log_crm.py 2020-10-27 16:57:54,195 -输入用户名-
INFO log_crm.py 2020-10-27 16:57:54,267 info  message
INFO log_crm.py 2020-10-27 16:57:54,925 -登输入密码-
INFO log_crm.py 2020-10-27 16:57:54,925 info  message
INFO log_crm.py 2020-10-27 16:58:18,316 -点击登录-
INFO log_crm.py 2020-10-27 16:58:18,317 info  message
INFO log_crm.py 2020-10-27 16:58:18,329 -登录成功-
INFO log_crm.py 2020-10-27 16:58:18,329 info  message
INFO log_crm.py 2020-10-27 16:58:18,675 -点击客户信息-
INFO log_crm.py 2020-10-27 16:58:18,675 info  message
INFO log_crm.py 2020-10-27 16:58:40,147 -登点击添加-
INFO log_crm.py 2020-10-27 16:58:40,147 info  message
INFO log_crm.py 2020-10-27 16:58:44,929 -输入客户姓名-
INFO log_crm.py 2020-10-27 16:58:44,930 info  message
INFO log_crm.py 2020-10-27 16:58:45,606 -输入创建人-
INFO log_crm.py 2020-10-27 16:58:45,607 info  message
INFO log_crm.py 2020-10-27 16:58:46,009 -输入email-
INFO log_crm.py 2020-10-27 16:58:46,010 info  message
INFO log_crm.py 2020-10-27 16:58:46,599 -输入日期-
INFO log_crm.py 2020-10-27 16:58:46,716 info  message
INFO log_crm.py 2020-10-27 16:59:00,524 -点击提交-
INFO log_crm.py 2020-10-27 16:59:00,524 info  message
INFO log_crm.py 2020-10-27 16:59:24,972 -输入用户名-
INFO log_crm.py 2020-10-27 16:59:24,974 info  message
INFO log_crm.py 2020-10-27 16:59:25,271 -登输入密码-
INFO log_crm.py 2020-10-27 16:59:25,272 info  message
INFO log_crm.py 2020-10-27 16:59:27,011 -点击登录-
INFO log_crm.py 2020-10-27 16:59:27,011 info  message
INFO log_crm.py 2020-10-27 16:59:27,274 -点击客户信息-
INFO log_crm.py 2020-10-27 16:59:27,275 info  message
INFO log_crm.py 2020-10-27 16:59:30,934 -点击编辑-
INFO log_crm.py 2020-10-27 16:59:31,074 info  message
INFO log_crm.py 2020-10-27 16:59:31,523 -输入email-
INFO log_crm.py 2020-10-27 16:59:31,523 info  message
INFO log_crm.py 2020-10-27 16:59:32,050 -点击提交-
INFO log_crm.py 2020-10-27 16:59:32,050 info  message
